<?xml version="1.0" encoding="UTF-8"?>
<testng-results ignored="0" total="26" passed="22" failed="4" skipped="0">
  <reporter-output>
  </reporter-output>
  <suite started-at="2024-10-18T13:25:25 CDT" name="Default suite" finished-at="2024-10-18T13:25:45 CDT" duration-ms="19623">
    <groups>
      <group name="cucumber">
        <method signature="AbstractTestNGCucumberTests.runScenario(io.cucumber.testng.PickleWrapper,io.cucumber.testng.FeatureWrapper)[pri:0, instance:runner.TestRunner@7ee8290b]" name="runScenario" class="io.cucumber.testng.AbstractTestNGCucumberTests"/>
      </group> <!-- cucumber -->
    </groups>
    <test started-at="2024-10-18T13:25:25 CDT" name="Default test" finished-at="2024-10-18T13:25:45 CDT" duration-ms="19623">
      <class name="runner.TestRunner">
        <test-method is-config="true" signature="setUpClass(org.testng.ITestContext)[pri:0, instance:runner.TestRunner@7ee8290b]" started-at="2024-10-18T13:25:25 CDT" name="setUpClass" finished-at="2024-10-18T13:25:26 CDT" duration-ms="958" status="PASS">
          <params>
            <param index="0">
              <value>
                <![CDATA[org.testng.TestRunner@6cad2d5f]]>
              </value>
            </param>
          </params>
          <reporter-output>
          </reporter-output>
        </test-method> <!-- setUpClass -->
        <test-method signature="runScenario(io.cucumber.testng.PickleWrapper,io.cucumber.testng.FeatureWrapper)[pri:0, instance:runner.TestRunner@7ee8290b]" started-at="2024-10-18T13:25:26 CDT" name="runScenario" description="Runs Cucumber Scenarios" data-provider="scenarios" finished-at="2024-10-18T13:25:31 CDT" duration-ms="4572" status="PASS">
          <params>
            <param index="0">
              <value>
                <![CDATA["Create user with all valid details"]]>
              </value>
            </param>
            <param index="1">
              <value>
                <![CDATA["Optional[Add User]"]]>
              </value>
            </param>
          </params>
          <reporter-output>
          </reporter-output>
        </test-method> <!-- runScenario -->
        <test-method signature="runScenario(io.cucumber.testng.PickleWrapper,io.cucumber.testng.FeatureWrapper)[pri:0, instance:runner.TestRunner@7ee8290b]" started-at="2024-10-18T13:25:31 CDT" name="runScenario" description="Runs Cucumber Scenarios" data-provider="scenarios" finished-at="2024-10-18T13:25:31 CDT" duration-ms="535" status="PASS">
          <params>
            <param index="0">
              <value>
                <![CDATA["Create user with all valid details"]]>
              </value>
            </param>
            <param index="1">
              <value>
                <![CDATA["Optional[Add User]"]]>
              </value>
            </param>
          </params>
          <reporter-output>
          </reporter-output>
        </test-method> <!-- runScenario -->
        <test-method signature="runScenario(io.cucumber.testng.PickleWrapper,io.cucumber.testng.FeatureWrapper)[pri:0, instance:runner.TestRunner@7ee8290b]" started-at="2024-10-18T13:25:31 CDT" name="runScenario" description="Runs Cucumber Scenarios" data-provider="scenarios" finished-at="2024-10-18T13:25:32 CDT" duration-ms="455" status="FAIL">
          <params>
            <param index="0">
              <value>
                <![CDATA["Create user with all valid details"]]>
              </value>
            </param>
            <param index="1">
              <value>
                <![CDATA["Optional[Add User]"]]>
              </value>
            </param>
          </params>
          <exception class="java.lang.AssertionError">
            <message>
              <![CDATA[expected [201] but found [400]]]>
            </message>
            <full-stacktrace>
              <![CDATA[java.lang.AssertionError: expected [201] but found [400]
at org.testng.Assert.fail(Assert.java:110)
at org.testng.Assert.failNotEquals(Assert.java:1577)
at org.testng.Assert.assertEqualsImpl(Assert.java:149)
at org.testng.Assert.assertEquals(Assert.java:131)
at org.testng.Assert.assertEquals(Assert.java:1418)
at org.testng.Assert.assertEquals(Assert.java:1382)
at org.testng.Assert.assertEquals(Assert.java:1428)
at stepDefinitions.createUserSteps.userShouldReceiveAValidResponse(createUserSteps.java:40)
at ✽.The response status code should be 201 Created(file:///C:/Users/manal_/git/UserAPIOct24/UserAPIProject/src/test/resources/features/01CreateUser.feature:8)
]]>
            </full-stacktrace>
          </exception> <!-- java.lang.AssertionError -->
          <reporter-output>
          </reporter-output>
        </test-method> <!-- runScenario -->
        <test-method signature="runScenario(io.cucumber.testng.PickleWrapper,io.cucumber.testng.FeatureWrapper)[pri:0, instance:runner.TestRunner@7ee8290b]" started-at="2024-10-18T13:25:32 CDT" name="runScenario" description="Runs Cucumber Scenarios" data-provider="scenarios" finished-at="2024-10-18T13:25:32 CDT" duration-ms="445" status="FAIL">
          <params>
            <param index="0">
              <value>
                <![CDATA["Create user with only mandatory valid details"]]>
              </value>
            </param>
            <param index="1">
              <value>
                <![CDATA["Optional[Add User]"]]>
              </value>
            </param>
          </params>
          <exception class="java.lang.AssertionError">
            <message>
              <![CDATA[expected [201] but found [500]]]>
            </message>
            <full-stacktrace>
              <![CDATA[java.lang.AssertionError: expected [201] but found [500]
at org.testng.Assert.fail(Assert.java:110)
at org.testng.Assert.failNotEquals(Assert.java:1577)
at org.testng.Assert.assertEqualsImpl(Assert.java:149)
at org.testng.Assert.assertEquals(Assert.java:131)
at org.testng.Assert.assertEquals(Assert.java:1418)
at org.testng.Assert.assertEquals(Assert.java:1382)
at org.testng.Assert.assertEquals(Assert.java:1428)
at stepDefinitions.createUserSteps.userShouldReceiveAValidResponse(createUserSteps.java:40)
at ✽.The response status code should be 201 Created(file:///C:/Users/manal_/git/UserAPIOct24/UserAPIProject/src/test/resources/features/01CreateUser.feature:21)
]]>
            </full-stacktrace>
          </exception> <!-- java.lang.AssertionError -->
          <reporter-output>
          </reporter-output>
        </test-method> <!-- runScenario -->
        <test-method signature="runScenario(io.cucumber.testng.PickleWrapper,io.cucumber.testng.FeatureWrapper)[pri:0, instance:runner.TestRunner@7ee8290b]" started-at="2024-10-18T13:25:32 CDT" name="runScenario" description="Runs Cucumber Scenarios" data-provider="scenarios" finished-at="2024-10-18T13:25:33 CDT" duration-ms="407" status="PASS">
          <params>
            <param index="0">
              <value>
                <![CDATA["Create user with invalid details"]]>
              </value>
            </param>
            <param index="1">
              <value>
                <![CDATA["Optional[Add User]"]]>
              </value>
            </param>
          </params>
          <reporter-output>
          </reporter-output>
        </test-method> <!-- runScenario -->
        <test-method signature="runScenario(io.cucumber.testng.PickleWrapper,io.cucumber.testng.FeatureWrapper)[pri:0, instance:runner.TestRunner@7ee8290b]" started-at="2024-10-18T13:25:33 CDT" name="runScenario" description="Runs Cucumber Scenarios" data-provider="scenarios" finished-at="2024-10-18T13:25:33 CDT" duration-ms="392" status="PASS">
          <params>
            <param index="0">
              <value>
                <![CDATA["Create user with invalid details"]]>
              </value>
            </param>
            <param index="1">
              <value>
                <![CDATA["Optional[Add User]"]]>
              </value>
            </param>
          </params>
          <reporter-output>
          </reporter-output>
        </test-method> <!-- runScenario -->
        <test-method signature="runScenario(io.cucumber.testng.PickleWrapper,io.cucumber.testng.FeatureWrapper)[pri:0, instance:runner.TestRunner@7ee8290b]" started-at="2024-10-18T13:25:33 CDT" name="runScenario" description="Runs Cucumber Scenarios" data-provider="scenarios" finished-at="2024-10-18T13:25:33 CDT" duration-ms="409" status="PASS">
          <params>
            <param index="0">
              <value>
                <![CDATA["Create user with invalid details"]]>
              </value>
            </param>
            <param index="1">
              <value>
                <![CDATA["Optional[Add User]"]]>
              </value>
            </param>
          </params>
          <reporter-output>
          </reporter-output>
        </test-method> <!-- runScenario -->
        <test-method signature="runScenario(io.cucumber.testng.PickleWrapper,io.cucumber.testng.FeatureWrapper)[pri:0, instance:runner.TestRunner@7ee8290b]" started-at="2024-10-18T13:25:33 CDT" name="runScenario" description="Runs Cucumber Scenarios" data-provider="scenarios" finished-at="2024-10-18T13:25:34 CDT" duration-ms="455" status="PASS">
          <params>
            <param index="0">
              <value>
                <![CDATA["Create user with invalid details"]]>
              </value>
            </param>
            <param index="1">
              <value>
                <![CDATA["Optional[Add User]"]]>
              </value>
            </param>
          </params>
          <reporter-output>
          </reporter-output>
        </test-method> <!-- runScenario -->
        <test-method signature="runScenario(io.cucumber.testng.PickleWrapper,io.cucumber.testng.FeatureWrapper)[pri:0, instance:runner.TestRunner@7ee8290b]" started-at="2024-10-18T13:25:34 CDT" name="runScenario" description="Runs Cucumber Scenarios" data-provider="scenarios" finished-at="2024-10-18T13:25:34 CDT" duration-ms="431" status="PASS">
          <params>
            <param index="0">
              <value>
                <![CDATA["Create user with invalid endpoint"]]>
              </value>
            </param>
            <param index="1">
              <value>
                <![CDATA["Optional[Add User]"]]>
              </value>
            </param>
          </params>
          <reporter-output>
          </reporter-output>
        </test-method> <!-- runScenario -->
        <test-method signature="runScenario(io.cucumber.testng.PickleWrapper,io.cucumber.testng.FeatureWrapper)[pri:0, instance:runner.TestRunner@7ee8290b]" started-at="2024-10-18T13:25:34 CDT" name="runScenario" description="Runs Cucumber Scenarios" data-provider="scenarios" finished-at="2024-10-18T13:25:35 CDT" duration-ms="257" status="PASS">
          <params>
            <param index="0">
              <value>
                <![CDATA["Create user with No Auth"]]>
              </value>
            </param>
            <param index="1">
              <value>
                <![CDATA["Optional[Add User]"]]>
              </value>
            </param>
          </params>
          <reporter-output>
          </reporter-output>
        </test-method> <!-- runScenario -->
        <test-method signature="runScenario(io.cucumber.testng.PickleWrapper,io.cucumber.testng.FeatureWrapper)[pri:0, instance:runner.TestRunner@7ee8290b]" started-at="2024-10-18T13:25:35 CDT" name="runScenario" description="Runs Cucumber Scenarios" data-provider="scenarios" finished-at="2024-10-18T13:25:35 CDT" duration-ms="426" status="PASS">
          <params>
            <param index="0">
              <value>
                <![CDATA["Update user email by using user ID"]]>
              </value>
            </param>
            <param index="1">
              <value>
                <![CDATA["Optional[Update User]"]]>
              </value>
            </param>
          </params>
          <reporter-output>
          </reporter-output>
        </test-method> <!-- runScenario -->
        <test-method signature="runScenario(io.cucumber.testng.PickleWrapper,io.cucumber.testng.FeatureWrapper)[pri:0, instance:runner.TestRunner@7ee8290b]" started-at="2024-10-18T13:25:35 CDT" name="runScenario" description="Runs Cucumber Scenarios" data-provider="scenarios" finished-at="2024-10-18T13:25:35 CDT" duration-ms="400" status="PASS">
          <params>
            <param index="0">
              <value>
                <![CDATA["Update user email by using user ID"]]>
              </value>
            </param>
            <param index="1">
              <value>
                <![CDATA["Optional[Update User]"]]>
              </value>
            </param>
          </params>
          <reporter-output>
          </reporter-output>
        </test-method> <!-- runScenario -->
        <test-method signature="runScenario(io.cucumber.testng.PickleWrapper,io.cucumber.testng.FeatureWrapper)[pri:0, instance:runner.TestRunner@7ee8290b]" started-at="2024-10-18T13:25:35 CDT" name="runScenario" description="Runs Cucumber Scenarios" data-provider="scenarios" finished-at="2024-10-18T13:25:36 CDT" duration-ms="232" status="PASS">
          <params>
            <param index="0">
              <value>
                <![CDATA["Update user by user ID without Authorization"]]>
              </value>
            </param>
            <param index="1">
              <value>
                <![CDATA["Optional[Update User]"]]>
              </value>
            </param>
          </params>
          <reporter-output>
          </reporter-output>
        </test-method> <!-- runScenario -->
        <test-method signature="runScenario(io.cucumber.testng.PickleWrapper,io.cucumber.testng.FeatureWrapper)[pri:0, instance:runner.TestRunner@7ee8290b]" started-at="2024-10-18T13:25:36 CDT" name="runScenario" description="Runs Cucumber Scenarios" data-provider="scenarios" finished-at="2024-10-18T13:25:36 CDT" duration-ms="361" status="PASS">
          <params>
            <param index="0">
              <value>
                <![CDATA["Get user with User ID"]]>
              </value>
            </param>
            <param index="1">
              <value>
                <![CDATA["Optional[Get User]"]]>
              </value>
            </param>
          </params>
          <reporter-output>
          </reporter-output>
        </test-method> <!-- runScenario -->
        <test-method signature="runScenario(io.cucumber.testng.PickleWrapper,io.cucumber.testng.FeatureWrapper)[pri:0, instance:runner.TestRunner@7ee8290b]" started-at="2024-10-18T13:25:36 CDT" name="runScenario" description="Runs Cucumber Scenarios" data-provider="scenarios" finished-at="2024-10-18T13:25:36 CDT" duration-ms="358" status="PASS">
          <params>
            <param index="0">
              <value>
                <![CDATA["Get user with User ID"]]>
              </value>
            </param>
            <param index="1">
              <value>
                <![CDATA["Optional[Get User]"]]>
              </value>
            </param>
          </params>
          <reporter-output>
          </reporter-output>
        </test-method> <!-- runScenario -->
        <test-method signature="runScenario(io.cucumber.testng.PickleWrapper,io.cucumber.testng.FeatureWrapper)[pri:0, instance:runner.TestRunner@7ee8290b]" started-at="2024-10-18T13:25:36 CDT" name="runScenario" description="Runs Cucumber Scenarios" data-provider="scenarios" finished-at="2024-10-18T13:25:37 CDT" duration-ms="351" status="PASS">
          <params>
            <param index="0">
              <value>
                <![CDATA["Get user with invalid User ID"]]>
              </value>
            </param>
            <param index="1">
              <value>
                <![CDATA["Optional[Get User]"]]>
              </value>
            </param>
          </params>
          <reporter-output>
          </reporter-output>
        </test-method> <!-- runScenario -->
        <test-method signature="runScenario(io.cucumber.testng.PickleWrapper,io.cucumber.testng.FeatureWrapper)[pri:0, instance:runner.TestRunner@7ee8290b]" started-at="2024-10-18T13:25:37 CDT" name="runScenario" description="Runs Cucumber Scenarios" data-provider="scenarios" finished-at="2024-10-18T13:25:37 CDT" duration-ms="352" status="PASS">
          <params>
            <param index="0">
              <value>
                <![CDATA["Get user with invalid User ID"]]>
              </value>
            </param>
            <param index="1">
              <value>
                <![CDATA["Optional[Get User]"]]>
              </value>
            </param>
          </params>
          <reporter-output>
          </reporter-output>
        </test-method> <!-- runScenario -->
        <test-method signature="runScenario(io.cucumber.testng.PickleWrapper,io.cucumber.testng.FeatureWrapper)[pri:0, instance:runner.TestRunner@7ee8290b]" started-at="2024-10-18T13:25:37 CDT" name="runScenario" description="Runs Cucumber Scenarios" data-provider="scenarios" finished-at="2024-10-18T13:25:38 CDT" duration-ms="1428" status="PASS">
          <params>
            <param index="0">
              <value>
                <![CDATA["Get all users with valid endpoint"]]>
              </value>
            </param>
            <param index="1">
              <value>
                <![CDATA["Optional[Get User]"]]>
              </value>
            </param>
          </params>
          <reporter-output>
          </reporter-output>
        </test-method> <!-- runScenario -->
        <test-method signature="runScenario(io.cucumber.testng.PickleWrapper,io.cucumber.testng.FeatureWrapper)[pri:0, instance:runner.TestRunner@7ee8290b]" started-at="2024-10-18T13:25:38 CDT" name="runScenario" description="Runs Cucumber Scenarios" data-provider="scenarios" finished-at="2024-10-18T13:25:39 CDT" duration-ms="364" status="PASS">
          <params>
            <param index="0">
              <value>
                <![CDATA["Get user with First Name"]]>
              </value>
            </param>
            <param index="1">
              <value>
                <![CDATA["Optional[Get User]"]]>
              </value>
            </param>
          </params>
          <reporter-output>
          </reporter-output>
        </test-method> <!-- runScenario -->
        <test-method signature="runScenario(io.cucumber.testng.PickleWrapper,io.cucumber.testng.FeatureWrapper)[pri:0, instance:runner.TestRunner@7ee8290b]" started-at="2024-10-18T13:25:39 CDT" name="runScenario" description="Runs Cucumber Scenarios" data-provider="scenarios" finished-at="2024-10-18T13:25:39 CDT" duration-ms="352" status="PASS">
          <params>
            <param index="0">
              <value>
                <![CDATA["Get user with invalid First Name"]]>
              </value>
            </param>
            <param index="1">
              <value>
                <![CDATA["Optional[Get User]"]]>
              </value>
            </param>
          </params>
          <reporter-output>
          </reporter-output>
        </test-method> <!-- runScenario -->
        <test-method signature="runScenario(io.cucumber.testng.PickleWrapper,io.cucumber.testng.FeatureWrapper)[pri:0, instance:runner.TestRunner@7ee8290b]" started-at="2024-10-18T13:25:39 CDT" name="runScenario" description="Runs Cucumber Scenarios" data-provider="scenarios" finished-at="2024-10-18T13:25:39 CDT" duration-ms="245" status="FAIL">
          <params>
            <param index="0">
              <value>
                <![CDATA["Get user with invalid First Name"]]>
              </value>
            </param>
            <param index="1">
              <value>
                <![CDATA["Optional[Get User]"]]>
              </value>
            </param>
          </params>
          <exception class="java.lang.AssertionError">
            <message>
              <![CDATA[expected [404] but found [500]]]>
            </message>
            <full-stacktrace>
              <![CDATA[java.lang.AssertionError: expected [404] but found [500]
at org.testng.Assert.fail(Assert.java:110)
at org.testng.Assert.failNotEquals(Assert.java:1577)
at org.testng.Assert.assertEqualsImpl(Assert.java:149)
at org.testng.Assert.assertEquals(Assert.java:131)
at org.testng.Assert.assertEquals(Assert.java:1418)
at org.testng.Assert.assertEquals(Assert.java:1382)
at org.testng.Assert.assertEquals(Assert.java:1428)
at stepDefinitions.getUserByIDSteps.the_response_status_code_should_be_not_found(getUserByIDSteps.java:102)
at ✽.The response status code should be 404 Not Found(file:///C:/Users/manal_/git/UserAPIOct24/UserAPIProject/src/test/resources/features/03GetUser.feature:47)
]]>
            </full-stacktrace>
          </exception> <!-- java.lang.AssertionError -->
          <reporter-output>
          </reporter-output>
        </test-method> <!-- runScenario -->
        <test-method signature="runScenario(io.cucumber.testng.PickleWrapper,io.cucumber.testng.FeatureWrapper)[pri:0, instance:runner.TestRunner@7ee8290b]" started-at="2024-10-18T13:25:39 CDT" name="runScenario" description="Runs Cucumber Scenarios" data-provider="scenarios" finished-at="2024-10-18T13:25:40 CDT" duration-ms="353" status="PASS">
          <params>
            <param index="0">
              <value>
                <![CDATA["Delete user by ID with valid endpoint"]]>
              </value>
            </param>
            <param index="1">
              <value>
                <![CDATA["Optional[Delete User]"]]>
              </value>
            </param>
          </params>
          <reporter-output>
          </reporter-output>
        </test-method> <!-- runScenario -->
        <test-method signature="runScenario(io.cucumber.testng.PickleWrapper,io.cucumber.testng.FeatureWrapper)[pri:0, instance:runner.TestRunner@7ee8290b]" started-at="2024-10-18T13:25:40 CDT" name="runScenario" description="Runs Cucumber Scenarios" data-provider="scenarios" finished-at="2024-10-18T13:25:40 CDT" duration-ms="355" status="PASS">
          <params>
            <param index="0">
              <value>
                <![CDATA["Delete user by invalid ID with valid endpoint"]]>
              </value>
            </param>
            <param index="1">
              <value>
                <![CDATA["Optional[Delete User]"]]>
              </value>
            </param>
          </params>
          <reporter-output>
          </reporter-output>
        </test-method> <!-- runScenario -->
        <test-method signature="runScenario(io.cucumber.testng.PickleWrapper,io.cucumber.testng.FeatureWrapper)[pri:0, instance:runner.TestRunner@7ee8290b]" started-at="2024-10-18T13:25:40 CDT" name="runScenario" description="Runs Cucumber Scenarios" data-provider="scenarios" finished-at="2024-10-18T13:25:40 CDT" duration-ms="233" status="FAIL">
          <params>
            <param index="0">
              <value>
                <![CDATA["Delete user by invalid ID with valid endpoint"]]>
              </value>
            </param>
            <param index="1">
              <value>
                <![CDATA["Optional[Delete User]"]]>
              </value>
            </param>
          </params>
          <exception class="java.lang.AssertionError">
            <message>
              <![CDATA[expected [400] but found [500]]]>
            </message>
            <full-stacktrace>
              <![CDATA[java.lang.AssertionError: expected [400] but found [500]
at org.testng.Assert.fail(Assert.java:110)
at org.testng.Assert.failNotEquals(Assert.java:1577)
at org.testng.Assert.assertEqualsImpl(Assert.java:149)
at org.testng.Assert.assertEquals(Assert.java:131)
at org.testng.Assert.assertEquals(Assert.java:1418)
at org.testng.Assert.assertEquals(Assert.java:1382)
at org.testng.Assert.assertEquals(Assert.java:1428)
at stepDefinitions.deleteUserByIDSteps.user_Notdeleted_status(deleteUserByIDSteps.java:53)
at ✽.The status code should be 400 Bad Request(file:///C:/Users/manal_/git/UserAPIOct24/UserAPIProject/src/test/resources/features/04DeleteUser.feature:18)
]]>
            </full-stacktrace>
          </exception> <!-- java.lang.AssertionError -->
          <reporter-output>
          </reporter-output>
        </test-method> <!-- runScenario -->
        <test-method signature="runScenario(io.cucumber.testng.PickleWrapper,io.cucumber.testng.FeatureWrapper)[pri:0, instance:runner.TestRunner@7ee8290b]" started-at="2024-10-18T13:25:40 CDT" name="runScenario" description="Runs Cucumber Scenarios" data-provider="scenarios" finished-at="2024-10-18T13:25:41 CDT" duration-ms="359" status="PASS">
          <params>
            <param index="0">
              <value>
                <![CDATA["Delete user by non existing ID with valid endpoint"]]>
              </value>
            </param>
            <param index="1">
              <value>
                <![CDATA["Optional[Delete User]"]]>
              </value>
            </param>
          </params>
          <reporter-output>
          </reporter-output>
        </test-method> <!-- runScenario -->
        <test-method signature="runScenario(io.cucumber.testng.PickleWrapper,io.cucumber.testng.FeatureWrapper)[pri:0, instance:runner.TestRunner@7ee8290b]" started-at="2024-10-18T13:25:41 CDT" name="runScenario" description="Runs Cucumber Scenarios" data-provider="scenarios" finished-at="2024-10-18T13:25:41 CDT" duration-ms="354" status="PASS">
          <params>
            <param index="0">
              <value>
                <![CDATA["Delete user by FirstName with valid endpoint"]]>
              </value>
            </param>
            <param index="1">
              <value>
                <![CDATA["Optional[Delete User]"]]>
              </value>
            </param>
          </params>
          <reporter-output>
          </reporter-output>
        </test-method> <!-- runScenario -->
        <test-method is-config="true" signature="tearDownClass()[pri:0, instance:runner.TestRunner@7ee8290b]" started-at="2024-10-18T13:25:41 CDT" name="tearDownClass" finished-at="2024-10-18T13:25:45 CDT" duration-ms="3709" status="PASS">
          <reporter-output>
          </reporter-output>
        </test-method> <!-- tearDownClass -->
      </class> <!-- runner.TestRunner -->
    </test> <!-- Default test -->
  </suite> <!-- Default suite -->
</testng-results>
