{"uuid":"5a46194a-7f49-4220-b940-6b16bed79f09","historyId":"af9a075b47341288acbc93c60dbf9672","fullName":"Get User: Get user with User ID","labels":[{"name":"tag","value":"tag"},{"name":"tag","value":"TC1"},{"name":"host","value":"Mahesh_PC"},{"name":"thread","value":"33196@Mahesh_PC.main(1)"},{"name":"feature","value":"Get User"},{"name":"story","value":"Get user with User ID"},{"name":"suite","value":"Get User"},{"name":"testClass","value":"Get user with User ID"},{"name":"framework","value":"cucumber4jvm"},{"name":"language","value":"java"},{"name":"gherkin_uri","value":"file:///C:/Users/manal_/eclipse-workspace/UserAPIProject/src/test/resources/features/03GetUser.feature"},{"name":"package","value":"src.test.resources.features.03GetUser_feature.Get User"}],"links":[],"name":"Get user with User ID","status":"failed","statusDetails":{"known":false,"muted":false,"flaky":false,"message":"1 expectation failed.\nResponse body doesn't match expectation.\nExpected: The content to match the given JSON schema.\nerror: instance type (object) does not match any allowed primitive type (allowed: [\"array\"])\n    level: \"error\"\n    schema: {\"loadingURI\":\"file:/C:/Users/manal_/eclipse-workspace/UserAPIProject/target/test-classes/Schema/getUserByFirstNameSchema.json#\",\"pointer\":\"\"}\n    instance: {\"pointer\":\"\"}\n    domain: \"validation\"\n    keyword: \"type\"\n    found: \"object\"\n    expected: [\"array\"]\n\n  Actual: {\"userAddress\":{\"addressId\":11118,\"plotNumber\":\"ab-12\",\"street\":\"Vision\",\"state\":\"Illinois\",\"country\":\"USA\",\"zipCode\":60091},\"user_id\":11150,\"user_first_name\":\"David\",\"user_last_name\":\"Test\",\"user_contact_number\":2257784562,\"user_email_id\":\"team5davidupdated@qa.com\",\"creation_time\":\"2024-10-18T07:37:38.090+00:00\",\"last_mod_time\":\"2024-10-18T07:37:39.033+00:00\"}\n","trace":"java.lang.AssertionError: 1 expectation failed.\nResponse body doesn't match expectation.\nExpected: The content to match the given JSON schema.\nerror: instance type (object) does not match any allowed primitive type (allowed: [\"array\"])\n    level: \"error\"\n    schema: {\"loadingURI\":\"file:/C:/Users/manal_/eclipse-workspace/UserAPIProject/target/test-classes/Schema/getUserByFirstNameSchema.json#\",\"pointer\":\"\"}\n    instance: {\"pointer\":\"\"}\n    domain: \"validation\"\n    keyword: \"type\"\n    found: \"object\"\n    expected: [\"array\"]\n\n  Actual: {\"userAddress\":{\"addressId\":11118,\"plotNumber\":\"ab-12\",\"street\":\"Vision\",\"state\":\"Illinois\",\"country\":\"USA\",\"zipCode\":60091},\"user_id\":11150,\"user_first_name\":\"David\",\"user_last_name\":\"Test\",\"user_contact_number\":2257784562,\"user_email_id\":\"team5davidupdated@qa.com\",\"creation_time\":\"2024-10-18T07:37:38.090+00:00\",\"last_mod_time\":\"2024-10-18T07:37:39.033+00:00\"}\n\r\n\tat java.base/jdk.internal.reflect.DirectConstructorHandleAccessor.newInstance(DirectConstructorHandleAccessor.java:62)\r\n\tat java.base/java.lang.reflect.Constructor.newInstanceWithCaller(Constructor.java:502)\r\n\tat java.base/java.lang.reflect.Constructor.newInstance(Constructor.java:486)\r\n\tat org.codehaus.groovy.reflection.CachedConstructor.invoke(CachedConstructor.java:73)\r\n\tat org.codehaus.groovy.runtime.callsite.ConstructorSite$ConstructorSiteNoUnwrapNoCoerce.callConstructor(ConstructorSite.java:108)\r\n\tat org.codehaus.groovy.runtime.callsite.AbstractCallSite.callConstructor(AbstractCallSite.java:277)\r\n\tat io.restassured.internal.ResponseSpecificationImpl$HamcrestAssertionClosure.validate(ResponseSpecificationImpl.groovy:512)\r\n\tat io.restassured.internal.ResponseSpecificationImpl$HamcrestAssertionClosure$validate$1.call(Unknown Source)\r\n\tat io.restassured.internal.ResponseSpecificationImpl.validateResponseIfRequired(ResponseSpecificationImpl.groovy:696)\r\n\tat io.restassured.internal.ResponseSpecificationImpl.this$2$validateResponseIfRequired(ResponseSpecificationImpl.groovy)\r\n\tat java.base/jdk.internal.reflect.DirectMethodHandleAccessor.invoke(DirectMethodHandleAccessor.java:103)\r\n\tat java.base/java.lang.reflect.Method.invoke(Method.java:580)\r\n\tat org.codehaus.groovy.runtime.callsite.PlainObjectMetaMethodSite.doInvoke(PlainObjectMetaMethodSite.java:43)\r\n\tat org.codehaus.groovy.runtime.callsite.PogoMetaMethodSite$PogoCachedMethodSiteNoUnwrapNoCoerce.invoke(PogoMetaMethodSite.java:198)\r\n\tat org.codehaus.groovy.runtime.callsite.PogoMetaMethodSite.callCurrent(PogoMetaMethodSite.java:62)\r\n\tat org.codehaus.groovy.runtime.callsite.AbstractCallSite.callCurrent(AbstractCallSite.java:185)\r\n\tat io.restassured.internal.ResponseSpecificationImpl.body(ResponseSpecificationImpl.groovy:107)\r\n\tat io.restassured.internal.ValidatableResponseOptionsImpl.body(ValidatableResponseOptionsImpl.java:238)\r\n\tat stepDefinitions.getUserByIDSteps.validate_json_schema_for_the_retrived_user_details(getUserByIDSteps.java:56)\r\n\tat ✽.Validate the JSON Schema for retrived user details(file:///C:/Users/manal_/eclipse-workspace/UserAPIProject/src/test/resources/features/03GetUser.feature:9)\r\n"},"stage":"finished","steps":[{"name":"Given  User creates GET request with valid user ID","status":"passed","statusDetails":{"known":false,"muted":false,"flaky":false},"stage":"finished","steps":[],"attachments":[],"parameters":[],"start":1729237059832,"stop":1729237059832},{"name":"When  User sends GET request with \"2\" and valid endpoint","status":"passed","statusDetails":{"known":false,"muted":false,"flaky":false},"stage":"finished","steps":[],"attachments":[],"parameters":[],"start":1729237059833,"stop":1729237060155},{"name":"Then  The response status code should be 200 OK","status":"passed","statusDetails":{"known":false,"muted":false,"flaky":false},"stage":"finished","steps":[],"attachments":[],"parameters":[],"start":1729237060156,"stop":1729237060158},{"name":"And  Validate the JSON Schema for retrived user details","status":"failed","statusDetails":{"known":false,"muted":false,"flaky":false,"message":"1 expectation failed.\nResponse body doesn't match expectation.\nExpected: The content to match the given JSON schema.\nerror: instance type (object) does not match any allowed primitive type (allowed: [\"array\"])\n    level: \"error\"\n    schema: {\"loadingURI\":\"file:/C:/Users/manal_/eclipse-workspace/UserAPIProject/target/test-classes/Schema/getUserByFirstNameSchema.json#\",\"pointer\":\"\"}\n    instance: {\"pointer\":\"\"}\n    domain: \"validation\"\n    keyword: \"type\"\n    found: \"object\"\n    expected: [\"array\"]\n\n  Actual: {\"userAddress\":{\"addressId\":11118,\"plotNumber\":\"ab-12\",\"street\":\"Vision\",\"state\":\"Illinois\",\"country\":\"USA\",\"zipCode\":60091},\"user_id\":11150,\"user_first_name\":\"David\",\"user_last_name\":\"Test\",\"user_contact_number\":2257784562,\"user_email_id\":\"team5davidupdated@qa.com\",\"creation_time\":\"2024-10-18T07:37:38.090+00:00\",\"last_mod_time\":\"2024-10-18T07:37:39.033+00:00\"}\n","trace":"java.lang.AssertionError: 1 expectation failed.\nResponse body doesn't match expectation.\nExpected: The content to match the given JSON schema.\nerror: instance type (object) does not match any allowed primitive type (allowed: [\"array\"])\n    level: \"error\"\n    schema: {\"loadingURI\":\"file:/C:/Users/manal_/eclipse-workspace/UserAPIProject/target/test-classes/Schema/getUserByFirstNameSchema.json#\",\"pointer\":\"\"}\n    instance: {\"pointer\":\"\"}\n    domain: \"validation\"\n    keyword: \"type\"\n    found: \"object\"\n    expected: [\"array\"]\n\n  Actual: {\"userAddress\":{\"addressId\":11118,\"plotNumber\":\"ab-12\",\"street\":\"Vision\",\"state\":\"Illinois\",\"country\":\"USA\",\"zipCode\":60091},\"user_id\":11150,\"user_first_name\":\"David\",\"user_last_name\":\"Test\",\"user_contact_number\":2257784562,\"user_email_id\":\"team5davidupdated@qa.com\",\"creation_time\":\"2024-10-18T07:37:38.090+00:00\",\"last_mod_time\":\"2024-10-18T07:37:39.033+00:00\"}\n\r\n\tat java.base/jdk.internal.reflect.DirectConstructorHandleAccessor.newInstance(DirectConstructorHandleAccessor.java:62)\r\n\tat java.base/java.lang.reflect.Constructor.newInstanceWithCaller(Constructor.java:502)\r\n\tat java.base/java.lang.reflect.Constructor.newInstance(Constructor.java:486)\r\n\tat org.codehaus.groovy.reflection.CachedConstructor.invoke(CachedConstructor.java:73)\r\n\tat org.codehaus.groovy.runtime.callsite.ConstructorSite$ConstructorSiteNoUnwrapNoCoerce.callConstructor(ConstructorSite.java:108)\r\n\tat org.codehaus.groovy.runtime.callsite.AbstractCallSite.callConstructor(AbstractCallSite.java:277)\r\n\tat io.restassured.internal.ResponseSpecificationImpl$HamcrestAssertionClosure.validate(ResponseSpecificationImpl.groovy:512)\r\n\tat io.restassured.internal.ResponseSpecificationImpl$HamcrestAssertionClosure$validate$1.call(Unknown Source)\r\n\tat io.restassured.internal.ResponseSpecificationImpl.validateResponseIfRequired(ResponseSpecificationImpl.groovy:696)\r\n\tat io.restassured.internal.ResponseSpecificationImpl.this$2$validateResponseIfRequired(ResponseSpecificationImpl.groovy)\r\n\tat java.base/jdk.internal.reflect.DirectMethodHandleAccessor.invoke(DirectMethodHandleAccessor.java:103)\r\n\tat java.base/java.lang.reflect.Method.invoke(Method.java:580)\r\n\tat org.codehaus.groovy.runtime.callsite.PlainObjectMetaMethodSite.doInvoke(PlainObjectMetaMethodSite.java:43)\r\n\tat org.codehaus.groovy.runtime.callsite.PogoMetaMethodSite$PogoCachedMethodSiteNoUnwrapNoCoerce.invoke(PogoMetaMethodSite.java:198)\r\n\tat org.codehaus.groovy.runtime.callsite.PogoMetaMethodSite.callCurrent(PogoMetaMethodSite.java:62)\r\n\tat org.codehaus.groovy.runtime.callsite.AbstractCallSite.callCurrent(AbstractCallSite.java:185)\r\n\tat io.restassured.internal.ResponseSpecificationImpl.body(ResponseSpecificationImpl.groovy:107)\r\n\tat io.restassured.internal.ValidatableResponseOptionsImpl.body(ValidatableResponseOptionsImpl.java:238)\r\n\tat stepDefinitions.getUserByIDSteps.validate_json_schema_for_the_retrived_user_details(getUserByIDSteps.java:56)\r\n\tat ✽.Validate the JSON Schema for retrived user details(file:///C:/Users/manal_/eclipse-workspace/UserAPIProject/src/test/resources/features/03GetUser.feature:9)\r\n"},"stage":"finished","steps":[],"attachments":[],"parameters":[],"start":1729237060159,"stop":1729237060173}],"attachments":[],"parameters":[{"name":"rowNumber","value":"2"}],"start":1729237059832,"stop":1729237060176}